<?xml version="1.0" encoding="UTF-8"?>
<!-- Generated by org.testng.reporters.JUnitReportReporter -->
<testsuite skipped="0" hostname="DESKTOP-J7F8I18" name="automationFramework.NewTest" tests="1" failures="0" timestamp="24 Aug 2019 15:48:24 GMT" time="19.965" errors="0">
  <testcase name="TestFacebook" time="19.965" classname="automationFramework.NewTest"/>
</testsuite> <!-- automationFramework.NewTest -->
